{"numTotalTestSuites":4,"numPassedTestSuites":4,"numFailedTestSuites":0,"numPendingTestSuites":0,"numTotalTests":8,"numPassedTests":8,"numFailedTests":0,"numPendingTests":0,"numTodoTests":0,"snapshot":{"added":0,"failure":false,"filesAdded":0,"filesRemoved":0,"filesRemovedList":[],"filesUnmatched":0,"filesUpdated":0,"matched":0,"total":0,"unchecked":0,"uncheckedKeysByFile":[],"unmatched":0,"updated":0,"didUpdate":false},"startTime":1744369332571,"success":true,"testResults":[{"assertionResults":[{"ancestorTitles":["Login panel"],"fullName":"Login panel should render login","status":"passed","title":"should render login","duration":60.88720000000012,"failureMessages":[],"meta":{}}],"startTime":1744369335708,"endTime":1744369335768.8872,"status":"passed","message":"","name":"C:/Users/Sprite/Desktop/project munka/Frontend/src/tests/Login.test.jsx"},{"assertionResults":[{"ancestorTitles":["UserContext"],"fullName":"UserContext should initialize with user as undefinied","status":"passed","title":"should initialize with user as undefinied","duration":22.330000000000382,"failureMessages":[],"meta":{}},{"ancestorTitles":["UserContext"],"fullName":"UserContext should sign in a user successfully","status":"passed","title":"should sign in a user successfully","duration":24.332300000000032,"failureMessages":[],"meta":{}},{"ancestorTitles":["UserContext"],"fullName":"UserContext should sign up a user successfully","status":"passed","title":"should sign up a user successfully","duration":19.420399999999972,"failureMessages":[],"meta":{}},{"ancestorTitles":["UserContext"],"fullName":"UserContext should send password reset email successfully","status":"passed","title":"should send password reset email successfully","duration":28.480199999999968,"failureMessages":[],"meta":{}},{"ancestorTitles":["UserContext"],"fullName":"UserContext should update user profile successfully","status":"passed","title":"should update user profile successfully","duration":32.71799999999985,"failureMessages":[],"meta":{}},{"ancestorTitles":["UserContext"],"fullName":"UserContext should log out a user successfully","status":"passed","title":"should log out a user successfully","duration":15.7503999999999,"failureMessages":[],"meta":{}},{"ancestorTitles":["UserContext"],"fullName":"UserContext should delete user account successfully","status":"passed","title":"should delete user account successfully","duration":32.34699999999975,"failureMessages":[],"meta":{}}],"startTime":1744369335079,"endTime":1744369335255.347,"status":"passed","message":"","name":"C:/Users/Sprite/Desktop/project munka/Frontend/src/tests/UserContext.test.jsx"}]}